<?xml version="1.0" encoding="UTF-8"?>
<testng-results ignored="0" total="2" passed="1" failed="1" skipped="0">
  <reporter-output>
  </reporter-output>
  <suite started-at="2023-02-07T22:36:03 IST" name="Default suite" finished-at="2023-02-07T22:36:34 IST" duration-ms="31434">
    <groups>
      <group name="Regression">
        <method signature="PIMTest.verifyEmpSearchEmpName()[pri:5, instance:test.PIMTest@550dbc7a]" name="verifyEmpSearchEmpName" class="test.PIMTest"/>
        <method signature="PIMTest.verifyTitleOfPIMPage()[pri:4, instance:test.PIMTest@550dbc7a]" name="verifyTitleOfPIMPage" class="test.PIMTest"/>
      </group> <!-- Regression -->
      <group name="Smoke">
        <method signature="PIMTest.verifyEmpSearchEmpName()[pri:5, instance:test.PIMTest@550dbc7a]" name="verifyEmpSearchEmpName" class="test.PIMTest"/>
        <method signature="PIMTest.verifyTitleOfPIMPage()[pri:4, instance:test.PIMTest@550dbc7a]" name="verifyTitleOfPIMPage" class="test.PIMTest"/>
      </group> <!-- Smoke -->
    </groups>
    <test started-at="2023-02-07T22:36:03 IST" name="Default test" finished-at="2023-02-07T22:36:34 IST" duration-ms="31434">
      <class name="test.PIMTest">
        <test-method is-config="true" signature="initBrowser()[pri:0, instance:test.PIMTest@550dbc7a]" started-at="2023-02-07T22:36:03 IST" name="initBrowser" finished-at="2023-02-07T22:36:17 IST" duration-ms="14215" status="PASS">
          <reporter-output>
          </reporter-output>
        </test-method> <!-- initBrowser -->
        <test-method is-config="true" signature="pageObjects()[pri:0, instance:test.PIMTest@550dbc7a]" started-at="2023-02-07T22:36:17 IST" name="pageObjects" finished-at="2023-02-07T22:36:17 IST" duration-ms="40" status="PASS">
          <reporter-output>
          </reporter-output>
        </test-method> <!-- pageObjects -->
        <test-method is-config="true" signature="login()[pri:0, instance:test.PIMTest@550dbc7a]" started-at="2023-02-07T22:36:17 IST" name="login" finished-at="2023-02-07T22:36:21 IST" duration-ms="3502" status="PASS">
          <reporter-output>
          </reporter-output>
        </test-method> <!-- login -->
        <test-method signature="verifyTitleOfPIMPage()[pri:4, instance:test.PIMTest@550dbc7a]" started-at="2023-02-07T22:36:21 IST" name="verifyTitleOfPIMPage" finished-at="2023-02-07T22:36:23 IST" duration-ms="2313" status="PASS">
          <reporter-output>
          </reporter-output>
        </test-method> <!-- verifyTitleOfPIMPage -->
        <test-method signature="verifyEmpSearchEmpName()[pri:5, instance:test.PIMTest@550dbc7a]" started-at="2023-02-07T22:36:23 IST" name="verifyEmpSearchEmpName" finished-at="2023-02-07T22:36:33 IST" duration-ms="10284" status="FAIL">
          <exception class="java.lang.IndexOutOfBoundsException">
            <message>
              <![CDATA[Index 0 out of bounds for length 0]]>
            </message>
            <full-stacktrace>
              <![CDATA[java.lang.IndexOutOfBoundsException: Index 0 out of bounds for length 0
at java.base/jdk.internal.util.Preconditions.outOfBounds(Preconditions.java:64)
at java.base/jdk.internal.util.Preconditions.outOfBoundsCheckIndex(Preconditions.java:70)
at java.base/jdk.internal.util.Preconditions.checkIndex(Preconditions.java:248)
at java.base/java.util.Objects.checkIndex(Objects.java:359)
at java.base/java.util.ArrayList.get(ArrayList.java:427)
at mainjava.PIMPage.getEmpListFromSearchResults(PIMPage.java:85)
at test.PIMTest.verifyEmpSearchEmpName(PIMTest.java:29)
at java.base/jdk.internal.reflect.NativeMethodAccessorImpl.invoke0(Native Method)
at java.base/jdk.internal.reflect.NativeMethodAccessorImpl.invoke(NativeMethodAccessorImpl.java:64)
at java.base/jdk.internal.reflect.DelegatingMethodAccessorImpl.invoke(DelegatingMethodAccessorImpl.java:43)
at java.base/java.lang.reflect.Method.invoke(Method.java:564)
at org.testng.internal.MethodInvocationHelper.invokeMethod(MethodInvocationHelper.java:133)
at org.testng.internal.TestInvoker.invokeMethod(TestInvoker.java:598)
at org.testng.internal.TestInvoker.invokeTestMethod(TestInvoker.java:173)
at org.testng.internal.MethodRunner.runInSequence(MethodRunner.java:46)
at org.testng.internal.TestInvoker$MethodInvocationAgent.invoke(TestInvoker.java:824)
at org.testng.internal.TestInvoker.invokeTestMethods(TestInvoker.java:146)
at org.testng.internal.TestMethodWorker.invokeTestMethods(TestMethodWorker.java:146)
at org.testng.internal.TestMethodWorker.run(TestMethodWorker.java:128)
at java.base/java.util.ArrayList.forEach(ArrayList.java:1511)
at org.testng.TestRunner.privateRun(TestRunner.java:794)
at org.testng.TestRunner.run(TestRunner.java:596)
at org.testng.SuiteRunner.runTest(SuiteRunner.java:377)
at org.testng.SuiteRunner.runSequentially(SuiteRunner.java:371)
at org.testng.SuiteRunner.privateRun(SuiteRunner.java:332)
at org.testng.SuiteRunner.run(SuiteRunner.java:276)
at org.testng.SuiteRunnerWorker.runSuite(SuiteRunnerWorker.java:53)
at org.testng.SuiteRunnerWorker.run(SuiteRunnerWorker.java:96)
at org.testng.TestNG.runSuitesSequentially(TestNG.java:1212)
at org.testng.TestNG.runSuitesLocally(TestNG.java:1134)
at org.testng.TestNG.runSuites(TestNG.java:1063)
at org.testng.TestNG.run(TestNG.java:1031)
at org.testng.remote.AbstractRemoteTestNG.run(AbstractRemoteTestNG.java:115)
at org.testng.remote.RemoteTestNG.initAndRun(RemoteTestNG.java:251)
at org.testng.remote.RemoteTestNG.main(RemoteTestNG.java:77)
]]>
            </full-stacktrace>
          </exception> <!-- java.lang.IndexOutOfBoundsException -->
          <reporter-output>
          </reporter-output>
        </test-method> <!-- verifyEmpSearchEmpName -->
        <test-method is-config="true" signature="tearDownEnvironment()[pri:0, instance:test.PIMTest@550dbc7a]" started-at="2023-02-07T22:36:33 IST" name="tearDownEnvironment" finished-at="2023-02-07T22:36:34 IST" duration-ms="1010" status="PASS">
          <reporter-output>
          </reporter-output>
        </test-method> <!-- tearDownEnvironment -->
      </class> <!-- test.PIMTest -->
    </test> <!-- Default test -->
  </suite> <!-- Default suite -->
</testng-results>
