<?xml version="1.0" encoding="UTF-8"?>
<!-- Generated by org.testng.reporters.JUnitXMLReporter -->
<testsuite ignored="3" hostname="DESKTOP-GKPSUJA" failures="5" tests="6" name="Test" time="18.71" errors="0" timestamp="2023-02-07T12:30:40 IST">
  <testcase classname="test2.BaseTest2" name="@AfterClass logOut" time="0.012">
    <failure type="java.lang.NullPointerException" message="Cannot invoke &amp;quot;mainjava2.DashBoardPage2.clickLogoutButton()&amp;quot; because &amp;quot;this.dashboardpage&amp;quot; is null">
      <![CDATA[java.lang.NullPointerException: Cannot invoke "mainjava2.DashBoardPage2.clickLogoutButton()" because "this.dashboardpage" is null
at test2.BaseTest2.logOut(BaseTest2.java:45)
at java.base/java.util.ArrayList.forEach(ArrayList.java:1511)
... Removed 25 stack frames]]>
    </failure>
  </testcase> <!-- @AfterClass logOut -->
  <testcase classname="test2.PIMTest2" name="verifyTitleOfPIMPage" time="2.583"/>
  <testcase classname="test2.PIMTest2" name="verifyEmpSearchEmpName" time="10.45">
    <failure type="java.lang.IndexOutOfBoundsException" message="Index 0 out of bounds for length 0">
      <![CDATA[java.lang.IndexOutOfBoundsException: Index 0 out of bounds for length 0
at java.base/jdk.internal.util.Preconditions.outOfBounds(Preconditions.java:64)
at java.base/jdk.internal.util.Preconditions.outOfBoundsCheckIndex(Preconditions.java:70)
at java.base/jdk.internal.util.Preconditions.checkIndex(Preconditions.java:248)
at java.base/java.util.Objects.checkIndex(Objects.java:359)
at java.base/java.util.ArrayList.get(ArrayList.java:427)
at mainjava2.PIMPage2.getEmpListFromSearchResults(PIMPage2.java:92)
at test2.PIMTest2.verifyEmpSearchEmpName(PIMTest2.java:20)
at java.base/java.util.ArrayList.forEach(ArrayList.java:1511)
... Removed 27 stack frames]]>
    </failure>
  </testcase> <!-- verifyEmpSearchEmpName -->
  <testcase classname="test2.LoginTest2" name="verifyTitleOfBuild" time="0.004">
    <failure type="java.lang.NullPointerException" message="Cannot invoke &amp;quot;mainjava2.LoginPage2.getBuildTitle()&amp;quot; because &amp;quot;this.loginpage&amp;quot; is null">
      <![CDATA[java.lang.NullPointerException: Cannot invoke "mainjava2.LoginPage2.getBuildTitle()" because "this.loginpage" is null
at test2.LoginTest2.verifyTitleOfBuild(LoginTest2.java:10)
at java.base/java.util.ArrayList.forEach(ArrayList.java:1511)
... Removed 27 stack frames]]>
    </failure>
  </testcase> <!-- verifyTitleOfBuild -->
  <testcase classname="test2.LoginTest2" name="verifyTitleofPage" time="0.002">
    <failure type="java.lang.NullPointerException" message="Cannot invoke &amp;quot;mainjava2.LoginPage2.getPageTitle()&amp;quot; because &amp;quot;this.loginpage&amp;quot; is null">
      <![CDATA[java.lang.NullPointerException: Cannot invoke "mainjava2.LoginPage2.getPageTitle()" because "this.loginpage" is null
at test2.LoginTest2.verifyTitleofPage(LoginTest2.java:16)
at java.base/java.util.ArrayList.forEach(ArrayList.java:1511)
... Removed 27 stack frames]]>
    </failure>
  </testcase> <!-- verifyTitleofPage -->
  <testcase classname="test2.LoginTest2" name="verifyCurrentUrlofPage" time="0.002">
    <failure type="java.lang.NullPointerException" message="Cannot invoke &amp;quot;mainjava2.LoginPage2.getPageUrl()&amp;quot; because &amp;quot;this.loginpage&amp;quot; is null">
      <![CDATA[java.lang.NullPointerException: Cannot invoke "mainjava2.LoginPage2.getPageUrl()" because "this.loginpage" is null
at test2.LoginTest2.verifyCurrentUrlofPage(LoginTest2.java:22)
at java.base/java.util.ArrayList.forEach(ArrayList.java:1511)
... Removed 27 stack frames]]>
    </failure>
  </testcase> <!-- verifyCurrentUrlofPage -->
  <testcase classname="test2.LoginTest2" name="verifyLoginWithCorrectCredentials" time="0.001">
    <failure type="java.lang.NullPointerException" message="Cannot invoke &amp;quot;mainjava2.LoginPage2.setUsername(String)&amp;quot; because &amp;quot;this.loginpage&amp;quot; is null">
      <![CDATA[java.lang.NullPointerException: Cannot invoke "mainjava2.LoginPage2.setUsername(String)" because "this.loginpage" is null
at test2.LoginTest2.verifyLoginWithCorrectCredentials(LoginTest2.java:28)
at java.base/java.util.ArrayList.forEach(ArrayList.java:1511)
... Removed 27 stack frames]]>
    </failure>
  </testcase> <!-- verifyLoginWithCorrectCredentials -->
  <testcase classname="test2.BaseTest2" name="@AfterSuite tearDownEnvironment" time="0.0">
    <ignored/>
  </testcase> <!-- @AfterSuite tearDownEnvironment -->
  <testcase classname="test2.BaseTest2" name="@BeforeSuite initBrowser" time="0.0">
    <ignored/>
  </testcase> <!-- @BeforeSuite initBrowser -->
  <testcase classname="test2.BaseTest2" name="@BeforeSuite pageObjects" time="0.0">
    <ignored/>
  </testcase> <!-- @BeforeSuite pageObjects -->
</testsuite> <!-- Test -->
